<?xml version="1.0" encoding="UTF-8"?>
<testng-results ignored="0" total="1" passed="1" failed="0" skipped="0">
  <reporter-output>
  </reporter-output>
  <suite started-at="2024-03-07T15:07:53 IST" name="Default suite" finished-at="2024-03-07T15:08:01 IST" duration-ms="8506">
    <groups>
    </groups>
    <test started-at="2024-03-07T15:07:53 IST" name="Default test" finished-at="2024-03-07T15:08:01 IST" duration-ms="8506">
      <class name="com.crm.qa.testcases.AddCustomerTest">
        <test-method is-config="true" signature="setUp()[pri:0, instance:com.crm.qa.testcases.AddCustomerTest@742ff096]" started-at="2024-03-07T15:07:53 IST" name="setUp" finished-at="2024-03-07T15:07:58 IST" duration-ms="5500" status="PASS">
          <reporter-output>
          </reporter-output>
        </test-method> <!-- setUp -->
        <test-method signature="additionofCustomer()[pri:0, instance:com.crm.qa.testcases.AddCustomerTest@742ff096]" started-at="2024-03-07T15:07:58 IST" name="additionofCustomer" finished-at="2024-03-07T15:08:01 IST" duration-ms="2962" status="PASS">
          <reporter-output>
          </reporter-output>
        </test-method> <!-- additionofCustomer -->
      </class> <!-- com.crm.qa.testcases.AddCustomerTest -->
    </test> <!-- Default test -->
  </suite> <!-- Default suite -->
</testng-results>
